[src/elf.rs:37:5] &elf = ElfFile {
    endian: Little,
    data: [ 127, 69, 76, 70, 1, 1, 1, 0, 0, 0, 0, 0, 0, 0, 0, 0, 2, 0, 243, 0,
    1, 0, 0, 0, 148, 0, 1, 0, 52, 0, 0, 0, 144, 4, 0, 0, 4, 0, 0, 0, 52, 0, 32,
    0, 3, 0, 40, 0, 12, 0, 11, 0, 3, 0, 0, 112, 176, 0, 0, 0, 0, 0, 0, 0, 0, 0,
    0, 0, 95, 0, 0, 0, 0, 0, 0, 0, 4, 0, 0, 0, 1, 0, 0, 0, 1, 0, 0, 0, 0, 0, 0,
    0, 0, 0, 1, 0, 0, 0, 1, 0, 172, 0, 0, 0, 172, 0, 0, 0, 5, 0, 0, 0, 0, 16,
    0, 0, 1, 0, 0, 0, 172, 0, 0, 0, 172, 16, 1, 0, 172, 16, 1, 0, 4, 0, 0, 0,
    4, 0, 0, 0, 6, 0, 0, 0, 0, 16, 0, 0, 147, 2, 64, 6, 19, 3, 128, 12, 99,
    194, 98, 0, 147, 8, 208, 5, 19, 5, 0, 0, 115, 0, 0, 0, 16, 0, 0, 0, 65, 94,
    0, 0, 0, 114, 105, 115, 99, 118, 0, 1, 84, 0, 0, 0, 5, 114, 118, 51, 50,
    105, 50, 112, 49, 95, 109, 50, 112, 48, 95, 97, 50, 112, 49, 95, 102, 50,
    112, 50, 95, 100, 50, 112, 50, 95, 122, 105, 99, 115, 114, 50, 112, 48, 95,
    122, 105, 102, 101, 110, 99, 101, 105, 50, 112, 48, 95, 122, 109, 109, 117,
    108, 49, 112, 48, 95, 122, 97, 97, 109, 111, 49, 112, 48, 95, 122, 97, 108,
    114, 115, 99, 49, 112, 48, 0, 0, 28, 0, 0, 0, 2, 0, 0, 0, 0, 0, 4, 0, 0, 0,
    0, 0, 148, 0, 1, 0, 24, 0, 0, 0, 0, 0, 0, 0, 0, 0, 0, 0, 34, 0, 0, 0, 2, 0,
    0, 0, 0, 0, 4, 1, 0, 0, 0, 0, 148, 0, 1, 0, 172, 0, 1, 0, 0, 0, 0, 0, 17,
    0, 0, 0, 50, 0, 0, 0, 1, 128, 1, 17, 0, 16, 6, 17, 1, 18, 1, 3, 14, 27, 14,
    37, 14, 19, 5, 0, 0, 0, 86, 0, 0, 0, 2, 0, 36, 0, 0, 0, 1, 1, 251, 14, 10,
    0, 1, 1, 1, 1, 0, 0, 0, 1, 115, 114, 99, 0, 0, 109, 117, 108, 116, 45, 115,
    101, 99, 116, 115, 46, 115, 0, 1, 0, 0, 0, 0, 5, 2, 148, 0, 1, 0, 18, 3, 1,
    9, 4, 0, 1, 3, 1, 9, 4, 0, 1, 3, 6, 9, 4, 0, 1, 3, 1, 9, 4, 0, 1, 3, 1, 9,
    4, 0, 1, 9, 4, 0, 0, 1, 1, 115, 114, 99, 47, 109, 117, 108, 116, 45, 115,
    101, 99, 116, 115, 46, 115, 0, 47, 104, 111, 109, 101, 47, 99, 97, 114,
    108, 111, 115, 47, 114, 101, 112, 111, 115, 47, 114, 117, 115, 116, 118,
    47, 97, 108, 116, 47, 97, 115, 109, 0, 71, 78, 85, 32, 65, 83, 32, 50, 46,
    52, 52, 0, 0, 0, 0, 0, 0, 0, 0, 0, 0, 0, 0, 0, 0, 0, 0, 0, 0, 0, 0, 0, 0,
    0, 148, 0, 1, 0, 0, 0, 0, 0, 3, 0, 1, 0, 0, 0, 0, 0, 172, 16, 1, 0, 0, 0,
    0, 0, 3, 0, 2, 0, 0, 0, 0, 0, 0, 0, 0, 0, 0, 0, 0, 0, 3, 0, 3, 0, 0, 0, 0,
    0, 0, 0, 0, 0, 0, 0, 0, 0, 3, 0, 4, 0, 0, 0, 0, 0, 0, 0, 0, 0, 0, 0, 0, 0,
    3, 0, 5, 0, 0, 0, 0, 0, 0, 0, 0, 0, 0, 0, 0, 0, 3, 0, 6, 0, 0, 0, 0, 0, 0,
    0, 0, 0, 0, 0, 0, 0, 3, 0, 7, 0, 0, 0, 0, 0, 0, 0, 0, 0, 0, 0, 0, 0, 3, 0,
    8, 0, 1, 0, 0, 0, 0, 0, 0, 0, 0, 0, 0, 0, 4, 0, 241, 255, 14, 0, 0, 0, 148,
    0, 1, 0, 0, 0, 0, 0, 0, 0, 1, 0, 94, 0, 0, 0, 160, 0, 1, 0, 0, 0, 0, 0, 0,
    0, 1, 0, 102, 0, 0, 0, 172, 16, 1, 0, 0, 0, 0, 0, 0, 0, 2, 0, 109, 0, 0, 0,
    172, 24, 1, 0, 0, 0, 0, 0, 16, 0, 241, 255, 127, 0, 0, 0, 176, 16, 1, 0, 0,
    0, 0, 0, 16, 0, 2, 0, 160, 0, 0, 0, 148, 0, 1, 0, 0, 0, 0, 0, 16, 0, 1, 0,
    143, 0, 0, 0, 176, 16, 1, 0, 0, 0, 0, 0, 16, 0, 2, 0, 155, 0, 0, 0, 176,
    16, 1, 0, 0, 0, 0, 0, 16, 0, 2, 0, 167, 0, 0, 0, 172, 16, 1, 0, 0, 0, 0, 0,
    16, 0, 2, 0, 182, 0, 0, 0, 176, 16, 1, 0, 0, 0, 0, 0, 16, 0, 2, 0, 189, 0,
    0, 0, 176, 16, 1, 0, 0, 0, 0, 0, 16, 0, 2, 0, 0, 109, 117, 108, 116, 45,
    115, 101, 99, 116, 115, 46, 111, 0, 36, 120, 114, 118, 51, 50, 105, 50,
    112, 49, 95, 109, 50, 112, 48, 95, 97, 50, 112, 49, 95, 102, 50, 112, 50,
    95, 100, 50, 112, 50, 95, 122, 105, 99, 115, 114, 50, 112, 48, 95, 122,
    105, 102, 101, 110, 99, 101, 105, 50, 112, 48, 95, 122, 109, 109, 117, 108,
    49, 112, 48, 95, 122, 97, 97, 109, 111, 49, 112, 48, 95, 122, 97, 108, 114,
    115, 99, 49, 112, 48, 0, 109, 121, 108, 97, 98, 101, 108, 0, 109, 121, 118,
    97, 114, 49, 0, 95, 95, 103, 108, 111, 98, 97, 108, 95, 112, 111, 105, 110,
    116, 101, 114, 36, 0, 95, 95, 83, 68, 65, 84, 65, 95, 66, 69, 71, 73, 78,
    95, 95, 0, 95, 95, 66, 83, 83, 95, 69, 78, 68, 95, 95, 0, 95, 95, 98, 115,
    115, 95, 115, 116, 97, 114, 116, 0, 95, 95, 68, 65, 84, 65, 95, 66, 69, 71,
    73, 78, 95, 95, 0, 95, 101, 100, 97, 116, 97, 0, 95, 101, 110, 100, 0, 0,
    46, 115, 121, 109, 116, 97, 98, 0, 46, 115, 116, 114, 116, 97, 98, 0, 46,
    115, 104, 115, 116, 114, 116, 97, 98, 0, 46, 116, 101, 120, 116, 0, 46,
    100, 97, 116, 97, 0, 46, 114, 105, 115, 99, 118, 46, 97, 116, 116, 114,
    105, 98, 117, 116, 101, 115, 0, 46, 100, 101, 98, 117, 103, 95, 97, 114,
    97, 110, 103, 101, 115, 0, 46, 100, 101, 98, 117, 103, 95, 105, 110, 102,
    111, 0, 46, 100, 101, 98, 117, 103, 95, 97, 98, 98, 114, 101, 118, 0, 46,
    100, 101, 98, 117, 103, 95, 108, 105, 110, 101, 0, 46, 100, 101, 98, 117,
    103, 95, 115, 116, 114, 0, 0, 0, 0, 0, 0, 0, 0, 0, 0, 0, 0, 0, 0, 0, 0, 0,
    0, 0, 0, 0, 0, 0, 0, 0, 0, 0, 0, 0, 0, 0, 0, 0, 0, 0, 0, 0, 0, 0, 0, 0, 0,
    27, 0, 0, 0, 1, 0, 0, 0, 6, 0, 0, 0, 148, 0, 1, 0, 148, 0, 0, 0, 24, 0, 0,
    0, 0, 0, 0, 0, 0, 0, 0, 0, 4, 0, 0, 0, 0, 0, 0, 0, 33, 0, 0, 0, 1, 0, 0, 0,
    3, 0, 0, 0, 172, 16, 1, 0, 172, 0, 0, 0, 4, 0, 0, 0, 0, 0, 0, 0, 0, 0, 0,
    0, 1, 0, 0, 0, 0, 0, 0, 0, 39, 0, 0, 0, 3, 0, 0, 112, 0, 0, 0, 0, 0, 0, 0,
    0, 176, 0, 0, 0, 95, 0, 0, 0, 0, 0, 0, 0, 0, 0, 0, 0, 1, 0, 0, 0, 0, 0, 0,
    0, 57, 0, 0, 0, 1, 0, 0, 0, 0, 0, 0, 0, 0, 0, 0, 0, 16, 1, 0, 0, 32, 0, 0,
    0, 0, 0, 0, 0, 0, 0, 0, 0, 8, 0, 0, 0, 0, 0, 0, 0, 72, 0, 0, 0, 1, 0, 0, 0,
    0, 0, 0, 0, 0, 0, 0, 0, 48, 1, 0, 0, 38, 0, 0, 0, 0, 0, 0, 0, 0, 0, 0, 0,
    1, 0, 0, 0, 0, 0, 0, 0, 84, 0, 0, 0, 1, 0, 0, 0, 0, 0, 0, 0, 0, 0, 0, 0,
    86, 1, 0, 0, 20, 0, 0, 0, 0, 0, 0, 0, 0, 0, 0, 0, 1, 0, 0, 0, 0, 0, 0, 0,
    98, 0, 0, 0, 1, 0, 0, 0, 0, 0, 0, 0, 0, 0, 0, 0, 106, 1, 0, 0, 90, 0, 0, 0,
    0, 0, 0, 0, 0, 0, 0, 0, 1, 0, 0, 0, 0, 0, 0, 0, 110, 0, 0, 0, 1, 0, 0, 0,
    48, 0, 0, 0, 0, 0, 0, 0, 196, 1, 0, 0, 62, 0, 0, 0, 0, 0, 0, 0, 0, 0, 0, 0,
    1, 0, 0, 0, 1, 0, 0, 0, 1, 0, 0, 0, 2, 0, 0, 0, 0, 0, 0, 0, 0, 0, 0, 0, 4,
    2, 0, 0, 80, 1, 0, 0, 10, 0, 0, 0, 13, 0, 0, 0, 4, 0, 0, 0, 16, 0, 0, 0, 9,
    0, 0, 0, 3, 0, 0, 0, 0, 0, 0, 0, 0, 0, 0, 0, 84, 3, 0, 0, 194, 0, 0, 0, 0,
    0, 0, 0, 0, 0, 0, 0, 1, 0, 0, 0, 0, 0, 0, 0, 17, 0, 0, 0, 3, 0, 0, 0, 0, 0,
    0, 0, 0, 0, 0, 0, 22, 4, 0, 0, 121, 0, 0, 0, 0, 0, 0, 0, 0, 0, 0, 0, 1, 0,
    0, 0, 0, 0, 0, 0,
    ],
    header: FileHeader32 {
        e_ident: Ident {
            magic: [ 127, 69, 76, 70, ],
            class: 1,
            data: 1,
            version: 1,
            os_abi: 0,
            abi_version: 0,
            padding: [ 0, 0, 0, 0, 0, 0, 0, ],
        },
        e_type: U16(2, 0),
        e_machine: U16(f3, 0),
        e_version: U32(1, 0, 0, 0),
        e_entry: U32(94, 0, 1, 0),
        e_phoff: U32(34, 0, 0, 0),
        e_shoff: U32(90, 4, 0, 0),
        e_flags: U32(4, 0, 0, 0),
        e_ehsize: U16(34, 0),
        e_phentsize: U16(20, 0),
        e_phnum: U16(3, 0),
        e_shentsize: U16(28, 0),
        e_shnum: U16(c, 0),
        e_shstrndx: U16(b, 0),
    },
    segments: [
        ProgramHeader32 {
            p_type: U32(3, 0, 0, 70),
            p_offset: U32(b0, 0, 0, 0),
            p_vaddr: U32(0, 0, 0, 0),
            p_paddr: U32(0, 0, 0, 0),
            p_filesz: U32(5f, 0, 0, 0),
            p_memsz: U32(0, 0, 0, 0),
            p_flags: U32(4, 0, 0, 0),
            p_align: U32(1, 0, 0, 0),
        },
        ProgramHeader32 {
            p_type: U32(1, 0, 0, 0),
            p_offset: U32(0, 0, 0, 0),
            p_vaddr: U32(0, 0, 1, 0),
            p_paddr: U32(0, 0, 1, 0),
            p_filesz: U32(ac, 0, 0, 0),
            p_memsz: U32(ac, 0, 0, 0),
            p_flags: U32(5, 0, 0, 0),
            p_align: U32(0, 10, 0, 0),
        },
        ProgramHeader32 {
            p_type: U32(1, 0, 0, 0),
            p_offset: U32(ac, 0, 0, 0),
            p_vaddr: U32(ac, 10, 1, 0),
            p_paddr: U32(ac, 10, 1, 0),
            p_filesz: U32(4, 0, 0, 0),
            p_memsz: U32(4, 0, 0, 0),
            p_flags: U32(6, 0, 0, 0),
            p_align: U32(0, 10, 0, 0),
        },
    ],
    sections: SectionTable {
        sections: [
            SectionHeader32 {
                sh_name: U32(0, 0, 0, 0),
                sh_type: U32(0, 0, 0, 0),
                sh_flags: U32(0, 0, 0, 0),
                sh_addr: U32(0, 0, 0, 0),
                sh_offset: U32(0, 0, 0, 0),
                sh_size: U32(0, 0, 0, 0),
                sh_link: U32(0, 0, 0, 0),
                sh_info: U32(0, 0, 0, 0),
                sh_addralign: U32(0, 0, 0, 0),
                sh_entsize: U32(0, 0, 0, 0),
            },
            SectionHeader32 {
                sh_name: U32(1b, 0, 0, 0),
                sh_type: U32(1, 0, 0, 0),
                sh_flags: U32(6, 0, 0, 0),
                sh_addr: U32(94, 0, 1, 0),
                sh_offset: U32(94, 0, 0, 0),
                sh_size: U32(18, 0, 0, 0),
                sh_link: U32(0, 0, 0, 0),
                sh_info: U32(0, 0, 0, 0),
                sh_addralign: U32(4, 0, 0, 0),
                sh_entsize: U32(0, 0, 0, 0),
            },
            SectionHeader32 {
                sh_name: U32(21, 0, 0, 0),
                sh_type: U32(1, 0, 0, 0),
                sh_flags: U32(3, 0, 0, 0),
                sh_addr: U32(ac, 10, 1, 0),
                sh_offset: U32(ac, 0, 0, 0),
                sh_size: U32(4, 0, 0, 0),
                sh_link: U32(0, 0, 0, 0),
                sh_info: U32(0, 0, 0, 0),
                sh_addralign: U32(1, 0, 0, 0),
                sh_entsize: U32(0, 0, 0, 0),
            },
            SectionHeader32 {
                sh_name: U32(27, 0, 0, 0),
                sh_type: U32(3, 0, 0, 70),
                sh_flags: U32(0, 0, 0, 0),
                sh_addr: U32(0, 0, 0, 0),
                sh_offset: U32(b0, 0, 0, 0),
                sh_size: U32(5f, 0, 0, 0),
                sh_link: U32(0, 0, 0, 0),
                sh_info: U32(0, 0, 0, 0),
                sh_addralign: U32(1, 0, 0, 0),
                sh_entsize: U32(0, 0, 0, 0),
            },
            SectionHeader32 {
                sh_name: U32(39, 0, 0, 0),
                sh_type: U32(1, 0, 0, 0),
                sh_flags: U32(0, 0, 0, 0),
                sh_addr: U32(0, 0, 0, 0),
                sh_offset: U32(10, 1, 0, 0),
                sh_size: U32(20, 0, 0, 0),
                sh_link: U32(0, 0, 0, 0),
                sh_info: U32(0, 0, 0, 0),
                sh_addralign: U32(8, 0, 0, 0),
                sh_entsize: U32(0, 0, 0, 0),
            },
            SectionHeader32 {
                sh_name: U32(48, 0, 0, 0),
                sh_type: U32(1, 0, 0, 0),
                sh_flags: U32(0, 0, 0, 0),
                sh_addr: U32(0, 0, 0, 0),
                sh_offset: U32(30, 1, 0, 0),
                sh_size: U32(26, 0, 0, 0),
                sh_link: U32(0, 0, 0, 0),
                sh_info: U32(0, 0, 0, 0),
                sh_addralign: U32(1, 0, 0, 0),
                sh_entsize: U32(0, 0, 0, 0),
            },
            SectionHeader32 {
                sh_name: U32(54, 0, 0, 0),
                sh_type: U32(1, 0, 0, 0),
                sh_flags: U32(0, 0, 0, 0),
                sh_addr: U32(0, 0, 0, 0),
                sh_offset: U32(56, 1, 0, 0),
                sh_size: U32(14, 0, 0, 0),
                sh_link: U32(0, 0, 0, 0),
                sh_info: U32(0, 0, 0, 0),
                sh_addralign: U32(1, 0, 0, 0),
                sh_entsize: U32(0, 0, 0, 0),
            },
            SectionHeader32 {
                sh_name: U32(62, 0, 0, 0),
                sh_type: U32(1, 0, 0, 0),
                sh_flags: U32(0, 0, 0, 0),
                sh_addr: U32(0, 0, 0, 0),
                sh_offset: U32(6a, 1, 0, 0),
                sh_size: U32(5a, 0, 0, 0),
                sh_link: U32(0, 0, 0, 0),
                sh_info: U32(0, 0, 0, 0),
                sh_addralign: U32(1, 0, 0, 0),
                sh_entsize: U32(0, 0, 0, 0),
            },
            SectionHeader32 {
                sh_name: U32(6e, 0, 0, 0),
                sh_type: U32(1, 0, 0, 0),
                sh_flags: U32(30, 0, 0, 0),
                sh_addr: U32(0, 0, 0, 0),
                sh_offset: U32(c4, 1, 0, 0),
                sh_size: U32(3e, 0, 0, 0),
                sh_link: U32(0, 0, 0, 0),
                sh_info: U32(0, 0, 0, 0),
                sh_addralign: U32(1, 0, 0, 0),
                sh_entsize: U32(1, 0, 0, 0),
            },
            SectionHeader32 {
                sh_name: U32(1, 0, 0, 0),
                sh_type: U32(2, 0, 0, 0),
                sh_flags: U32(0, 0, 0, 0),
                sh_addr: U32(0, 0, 0, 0),
                sh_offset: U32(4, 2, 0, 0),
                sh_size: U32(50, 1, 0, 0),
                sh_link: U32(a, 0, 0, 0),
                sh_info: U32(d, 0, 0, 0),
                sh_addralign: U32(4, 0, 0, 0),
                sh_entsize: U32(10, 0, 0, 0),
            },
            SectionHeader32 {
                sh_name: U32(9, 0, 0, 0),
                sh_type: U32(3, 0, 0, 0),
                sh_flags: U32(0, 0, 0, 0),
                sh_addr: U32(0, 0, 0, 0),
                sh_offset: U32(54, 3, 0, 0),
                sh_size: U32(c2, 0, 0, 0),
                sh_link: U32(0, 0, 0, 0),
                sh_info: U32(0, 0, 0, 0),
                sh_addralign: U32(1, 0, 0, 0),
                sh_entsize: U32(0, 0, 0, 0),
            },
            SectionHeader32 {
                sh_name: U32(11, 0, 0, 0),
                sh_type: U32(3, 0, 0, 0),
                sh_flags: U32(0, 0, 0, 0),
                sh_addr: U32(0, 0, 0, 0),
                sh_offset: U32(16, 4, 0, 0),
                sh_size: U32(79, 0, 0, 0),
                sh_link: U32(0, 0, 0, 0),
                sh_info: U32(0, 0, 0, 0),
                sh_addralign: U32(1, 0, 0, 0),
                sh_entsize: U32(0, 0, 0, 0),
            },
        ],
        strings: StringTable {
            data: Some(
                [
		    127, 69, 76, 70, 1, 1, 1, 0, 0, 0, 0, 0, 0, 0, 0, 0, 2, 0,
		    243, 0, 1, 0, 0, 0, 148, 0, 1, 0, 52, 0, 0, 0, 144, 4, 0,
		    0, 4, 0, 0, 0, 52, 0, 32, 0, 3, 0, 40, 0, 12, 0, 11, 0, 3,
		    0, 0, 112, 176, 0, 0, 0, 0, 0, 0, 0, 0, 0, 0, 0, 95, 0, 0,
		    0, 0, 0, 0, 0, 4, 0, 0, 0, 1, 0, 0, 0, 1, 0, 0, 0, 0, 0, 0,
		    0, 0, 0, 1, 0, 0, 0, 1, 0, 172, 0, 0, 0, 172, 0, 0, 0, 5,
		    0, 0, 0, 0, 16, 0, 0, 1, 0, 0, 0, 172, 0, 0, 0, 172, 16, 1,
		    0, 172, 16, 1, 0, 4, 0, 0, 0, 4, 0, 0, 0, 6, 0, 0, 0, 0,
		    16, 0, 0, 147, 2, 64, 6, 19, 3, 128, 12, 99, 194, 98, 0,
		    147, 8, 208, 5, 19, 5, 0, 0, 115, 0, 0, 0, 16, 0, 0, 0, 65,
		    94, 0, 0, 0, 114, 105, 115, 99, 118, 0, 1, 84, 0, 0, 0, 5,
		    114, 118, 51, 50, 105, 50, 112, 49, 95, 109, 50, 112, 48,
		    95, 97, 50, 112, 49, 95, 102, 50, 112, 50, 95, 100, 50,
		    112, 50, 95, 122, 105, 99, 115, 114, 50, 112, 48, 95, 122,
		    105, 102, 101, 110, 99, 101, 105, 50, 112, 48, 95, 122,
		    109, 109, 117, 108, 49, 112, 48, 95, 122, 97, 97, 109, 111,
		    49, 112, 48, 95, 122, 97, 108, 114, 115, 99, 49, 112, 48,
		    0, 0, 28, 0, 0, 0, 2, 0, 0, 0, 0, 0, 4, 0, 0, 0, 0, 0, 148,
		    0, 1, 0, 24, 0, 0, 0, 0, 0, 0, 0, 0, 0, 0, 0, 34, 0, 0, 0,
		    2, 0, 0, 0, 0, 0, 4, 1, 0, 0, 0, 0, 148, 0, 1, 0, 172, 0,
		    1, 0, 0, 0, 0, 0, 17, 0, 0, 0, 50, 0, 0, 0, 1, 128, 1, 17,
		    0, 16, 6, 17, 1, 18, 1, 3, 14, 27, 14, 37, 14, 19, 5, 0, 0,
		    0, 86, 0, 0, 0, 2, 0, 36, 0, 0, 0, 1, 1, 251, 14, 10, 0, 1,
		    1, 1, 1, 0, 0, 0, 1, 115, 114, 99, 0, 0, 109, 117, 108,
		    116, 45, 115, 101, 99, 116, 115, 46, 115, 0, 1, 0, 0, 0, 0,
		    5, 2, 148, 0, 1, 0, 18, 3, 1, 9, 4, 0, 1, 3, 1, 9, 4, 0, 1,
		    3, 6, 9, 4, 0, 1, 3, 1, 9, 4, 0, 1, 3, 1, 9, 4, 0, 1, 9, 4,
		    0, 0, 1, 1, 115, 114, 99, 47, 109, 117, 108, 116, 45, 115,
		    101, 99, 116, 115, 46, 115, 0, 47, 104, 111, 109, 101, 47,
		    99, 97, 114, 108, 111, 115, 47, 114, 101, 112, 111, 115,
		    47, 114, 117, 115, 116, 118, 47, 97, 108, 116, 47, 97, 115,
		    109, 0, 71, 78, 85, 32, 65, 83, 32, 50, 46, 52, 52, 0, 0,
		    0, 0, 0, 0, 0, 0, 0, 0, 0, 0, 0, 0, 0, 0, 0, 0, 0, 0, 0, 0,
		    0, 148, 0, 1, 0, 0, 0, 0, 0, 3, 0, 1, 0, 0, 0, 0, 0, 172,
		    16, 1, 0, 0, 0, 0, 0, 3, 0, 2, 0, 0, 0, 0, 0, 0, 0, 0, 0,
		    0, 0, 0, 0, 3, 0, 3, 0, 0, 0, 0, 0, 0, 0, 0, 0, 0, 0, 0, 0,
		    3, 0, 4, 0, 0, 0, 0, 0, 0, 0, 0, 0, 0, 0, 0, 0, 3, 0, 5, 0,
		    0, 0, 0, 0, 0, 0, 0, 0, 0, 0, 0, 0, 3, 0, 6, 0, 0, 0, 0, 0,
		    0, 0, 0, 0, 0, 0, 0, 0, 3, 0, 7, 0, 0, 0, 0, 0, 0, 0, 0, 0,
		    0, 0, 0, 0, 3, 0, 8, 0, 1, 0, 0, 0, 0, 0, 0, 0, 0, 0, 0, 0,
		    4, 0, 241, 255, 14, 0, 0, 0, 148, 0, 1, 0, 0, 0, 0, 0, 0,
		    0, 1, 0, 94, 0, 0, 0, 160, 0, 1, 0, 0, 0, 0, 0, 0, 0, 1, 0,
		    102, 0, 0, 0, 172, 16, 1, 0, 0, 0, 0, 0, 0, 0, 2, 0, 109,
		    0, 0, 0, 172, 24, 1, 0, 0, 0, 0, 0, 16, 0, 241, 255, 127,
		    0, 0, 0, 176, 16, 1, 0, 0, 0, 0, 0, 16, 0, 2, 0, 160, 0, 0,
		    0, 148, 0, 1, 0, 0, 0, 0, 0, 16, 0, 1, 0, 143, 0, 0, 0,
		    176, 16, 1, 0, 0, 0, 0, 0, 16, 0, 2, 0, 155, 0, 0, 0, 176,
		    16, 1, 0, 0, 0, 0, 0, 16, 0, 2, 0, 167, 0, 0, 0, 172, 16,
		    1, 0, 0, 0, 0, 0, 16, 0, 2, 0, 182, 0, 0, 0, 176, 16, 1, 0,
		    0, 0, 0, 0, 16, 0, 2, 0, 189, 0, 0, 0, 176, 16, 1, 0, 0, 0,
		    0, 0, 16, 0, 2, 0, 0, 109, 117, 108, 116, 45, 115, 101, 99,
		    116, 115, 46, 111, 0, 36, 120, 114, 118, 51, 50, 105, 50,
		    112, 49, 95, 109, 50, 112, 48, 95, 97, 50, 112, 49, 95,
		    102, 50, 112, 50, 95, 100, 50, 112, 50, 95, 122, 105, 99,
		    115, 114, 50, 112, 48, 95, 122, 105, 102, 101, 110, 99,
		    101, 105, 50, 112, 48, 95, 122, 109, 109, 117, 108, 49,
		    112, 48, 95, 122, 97, 97, 109, 111, 49, 112, 48, 95, 122,
		    97, 108, 114, 115, 99, 49, 112, 48, 0, 109, 121, 108, 97,
		    98, 101, 108, 0, 109, 121, 118, 97, 114, 49, 0, 95, 95,
		    103, 108, 111, 98, 97, 108, 95, 112, 111, 105, 110, 116,
		    101, 114, 36, 0, 95, 95, 83, 68, 65, 84, 65, 95, 66, 69,
		    71, 73, 78, 95, 95, 0, 95, 95, 66, 83, 83, 95, 69, 78, 68,
		    95, 95, 0, 95, 95, 98, 115, 115, 95, 115, 116, 97, 114,
		    116, 0, 95, 95, 68, 65, 84, 65, 95, 66, 69, 71, 73, 78, 95,
		    95, 0, 95, 101, 100, 97, 116, 97, 0, 95, 101, 110, 100, 0,
		    0, 46, 115, 121, 109, 116, 97, 98, 0, 46, 115, 116, 114,
		    116, 97, 98, 0, 46, 115, 104, 115, 116, 114, 116, 97, 98,
		    0, 46, 116, 101, 120, 116, 0, 46, 100, 97, 116, 97, 0, 46,
		    114, 105, 115, 99, 118, 46, 97, 116, 116, 114, 105, 98,
		    117, 116, 101, 115, 0, 46, 100, 101, 98, 117, 103, 95, 97,
		    114, 97, 110, 103, 101, 115, 0, 46, 100, 101, 98, 117, 103,
		    95, 105, 110, 102, 111, 0, 46, 100, 101, 98, 117, 103, 95,
		    97, 98, 98, 114, 101, 118, 0, 46, 100, 101, 98, 117, 103,
		    95, 108, 105, 110, 101, 0, 46, 100, 101, 98, 117, 103, 95,
		    115, 116, 114, 0, 0, 0, 0, 0, 0, 0, 0, 0, 0, 0, 0, 0, 0, 0,
		    0, 0, 0, 0, 0, 0, 0, 0, 0, 0, 0, 0, 0, 0, 0, 0, 0, 0, 0, 0,
		    0, 0, 0, 0, 0, 0, 0, 27, 0, 0, 0, 1, 0, 0, 0, 6, 0, 0, 0,
		    148, 0, 1, 0, 148, 0, 0, 0, 24, 0, 0, 0, 0, 0, 0, 0, 0, 0,
		    0, 0, 4, 0, 0, 0, 0, 0, 0, 0, 33, 0, 0, 0, 1, 0, 0, 0, 3,
		    0, 0, 0, 172, 16, 1, 0, 172, 0, 0, 0, 4, 0, 0, 0, 0, 0, 0,
		    0, 0, 0, 0, 0, 1, 0, 0, 0, 0, 0, 0, 0, 39, 0, 0, 0, 3, 0,
		    0, 112, 0, 0, 0, 0, 0, 0, 0, 0, 176, 0, 0, 0, 95, 0, 0, 0,
		    0, 0, 0, 0, 0, 0, 0, 0, 1, 0, 0, 0, 0, 0, 0, 0, 57, 0, 0,
		    0, 1, 0, 0, 0, 0, 0, 0, 0, 0, 0, 0, 0, 16, 1, 0, 0, 32, 0,
		    0, 0, 0, 0, 0, 0, 0, 0, 0, 0, 8, 0, 0, 0, 0, 0, 0, 0, 72,
		    0, 0, 0, 1, 0, 0, 0, 0, 0, 0, 0, 0, 0, 0, 0, 48, 1, 0, 0,
		    38, 0, 0, 0, 0, 0, 0, 0, 0, 0, 0, 0, 1, 0, 0, 0, 0, 0, 0,
		    0, 84, 0, 0, 0, 1, 0, 0, 0, 0, 0, 0, 0, 0, 0, 0, 0, 86, 1,
		    0, 0, 20, 0, 0, 0, 0, 0, 0, 0, 0, 0, 0, 0, 1, 0, 0, 0, 0,
		    0, 0, 0, 98, 0, 0, 0, 1, 0, 0, 0, 0, 0, 0, 0, 0, 0, 0, 0,
		    106, 1, 0, 0, 90, 0, 0, 0, 0, 0, 0, 0, 0, 0, 0, 0, 1, 0, 0,
		    0, 0, 0, 0, 0, 110, 0, 0, 0, 1, 0, 0, 0, 48, 0, 0, 0, 0, 0,
		    0, 0, 196, 1, 0, 0, 62, 0, 0, 0, 0, 0, 0, 0, 0, 0, 0, 0, 1,
		    0, 0, 0, 1, 0, 0, 0, 1, 0, 0, 0, 2, 0, 0, 0, 0, 0, 0, 0, 0,
		    0, 0, 0, 4, 2, 0, 0, 80, 1, 0, 0, 10, 0, 0, 0, 13, 0, 0, 0,
		    4, 0, 0, 0, 16, 0, 0, 0, 9, 0, 0, 0, 3, 0, 0, 0, 0, 0, 0,
		    0, 0, 0, 0, 0, 84, 3, 0, 0, 194, 0, 0, 0, 0, 0, 0, 0, 0, 0,
		    0, 0, 1, 0, 0, 0, 0, 0, 0, 0, 17, 0, 0, 0, 3, 0, 0, 0, 0,
		    0, 0, 0, 0, 0, 0, 0, 22, 4, 0, 0, 121, 0, 0, 0, 0, 0, 0, 0,
		    0, 0, 0, 0, 1, 0, 0, 0, 0, 0, 0, 0,
                ],
            ),
            start: 1046,
            end: 1167,
            marker: PhantomData<&()>,
        },
    },
    relocations: RelocationSections {
        relocations: [
            0,
            0,
            0,
            0,
            0,
            0,
            0,
            0,
            0,
            0,
            0,
            0,
        ],
    },
    symbols: SymbolTable {
        section: SectionIndex(
            9,
        ),
        string_section: SectionIndex(
            10,
        ),
        shndx_section: SectionIndex(
            0,
        ),
        symbols: [
            Sym32 {
                st_name: U32(0, 0, 0, 0),
                st_value: U32(0, 0, 0, 0),
                st_size: U32(0, 0, 0, 0),
                st_info: 0,
                st_other: 0,
                st_shndx: U16(0, 0),
            },
            Sym32 {
                st_name: U32(0, 0, 0, 0),
                st_value: U32(94, 0, 1, 0),
                st_size: U32(0, 0, 0, 0),
                st_info: 3,
                st_other: 0,
                st_shndx: U16(1, 0),
            },
            Sym32 {
                st_name: U32(0, 0, 0, 0),
                st_value: U32(ac, 10, 1, 0),
                st_size: U32(0, 0, 0, 0),
                st_info: 3,
                st_other: 0,
                st_shndx: U16(2, 0),
            },
            Sym32 {
                st_name: U32(0, 0, 0, 0),
                st_value: U32(0, 0, 0, 0),
                st_size: U32(0, 0, 0, 0),
                st_info: 3,
                st_other: 0,
                st_shndx: U16(3, 0),
            },
            Sym32 {
                st_name: U32(0, 0, 0, 0),
                st_value: U32(0, 0, 0, 0),
                st_size: U32(0, 0, 0, 0),
                st_info: 3,
                st_other: 0,
                st_shndx: U16(4, 0),
            },
            Sym32 {
                st_name: U32(0, 0, 0, 0),
                st_value: U32(0, 0, 0, 0),
                st_size: U32(0, 0, 0, 0),
                st_info: 3,
                st_other: 0,
                st_shndx: U16(5, 0),
            },
            Sym32 {
                st_name: U32(0, 0, 0, 0),
                st_value: U32(0, 0, 0, 0),
                st_size: U32(0, 0, 0, 0),
                st_info: 3,
                st_other: 0,
                st_shndx: U16(6, 0),
            },
            Sym32 {
                st_name: U32(0, 0, 0, 0),
                st_value: U32(0, 0, 0, 0),
                st_size: U32(0, 0, 0, 0),
                st_info: 3,
                st_other: 0,
                st_shndx: U16(7, 0),
            },
            Sym32 {
                st_name: U32(0, 0, 0, 0),
                st_value: U32(0, 0, 0, 0),
                st_size: U32(0, 0, 0, 0),
                st_info: 3,
                st_other: 0,
                st_shndx: U16(8, 0),
            },
            Sym32 {
                st_name: U32(1, 0, 0, 0),
                st_value: U32(0, 0, 0, 0),
                st_size: U32(0, 0, 0, 0),
                st_info: 4,
                st_other: 0,
                st_shndx: U16(f1, ff),
            },
            Sym32 {
                st_name: U32(e, 0, 0, 0),
                st_value: U32(94, 0, 1, 0),
                st_size: U32(0, 0, 0, 0),
                st_info: 0,
                st_other: 0,
                st_shndx: U16(1, 0),
            },
            Sym32 {
                st_name: U32(5e, 0, 0, 0),
                st_value: U32(a0, 0, 1, 0),
                st_size: U32(0, 0, 0, 0),
                st_info: 0,
                st_other: 0,
                st_shndx: U16(1, 0),
            },
            Sym32 {
                st_name: U32(66, 0, 0, 0),
                st_value: U32(ac, 10, 1, 0),
                st_size: U32(0, 0, 0, 0),
                st_info: 0,
                st_other: 0,
                st_shndx: U16(2, 0),
            },
            Sym32 {
                st_name: U32(6d, 0, 0, 0),
                st_value: U32(ac, 18, 1, 0),
                st_size: U32(0, 0, 0, 0),
                st_info: 16,
                st_other: 0,
                st_shndx: U16(f1, ff),
            },
            Sym32 {
                st_name: U32(7f, 0, 0, 0),
                st_value: U32(b0, 10, 1, 0),
                st_size: U32(0, 0, 0, 0),
                st_info: 16,
                st_other: 0,
                st_shndx: U16(2, 0),
            },
            Sym32 {
                st_name: U32(a0, 0, 0, 0),
                st_value: U32(94, 0, 1, 0),
                st_size: U32(0, 0, 0, 0),
                st_info: 16,
                st_other: 0,
                st_shndx: U16(1, 0),
            },
            Sym32 {
                st_name: U32(8f, 0, 0, 0),
                st_value: U32(b0, 10, 1, 0),
                st_size: U32(0, 0, 0, 0),
                st_info: 16,
                st_other: 0,
                st_shndx: U16(2, 0),
            },
            Sym32 {
                st_name: U32(9b, 0, 0, 0),
                st_value: U32(b0, 10, 1, 0),
                st_size: U32(0, 0, 0, 0),
                st_info: 16,
                st_other: 0,
                st_shndx: U16(2, 0),
            },
            Sym32 {
                st_name: U32(a7, 0, 0, 0),
                st_value: U32(ac, 10, 1, 0),
                st_size: U32(0, 0, 0, 0),
                st_info: 16,
                st_other: 0,
                st_shndx: U16(2, 0),
            },
            Sym32 {
                st_name: U32(b6, 0, 0, 0),
                st_value: U32(b0, 10, 1, 0),
                st_size: U32(0, 0, 0, 0),
                st_info: 16,
                st_other: 0,
                st_shndx: U16(2, 0),
            },
            Sym32 {
                st_name: U32(bd, 0, 0, 0),
                st_value: U32(b0, 10, 1, 0),
                st_size: U32(0, 0, 0, 0),
                st_info: 16,
                st_other: 0,
                st_shndx: U16(2, 0),
            },
        ],
        strings: StringTable {
            data: Some(
                [
		    127, 69, 76, 70, 1, 1, 1, 0, 0, 0, 0, 0, 0, 0, 0, 0, 2, 0,
		    243, 0, 1, 0, 0, 0, 148, 0, 1, 0, 52, 0, 0, 0, 144, 4, 0,
		    0, 4, 0, 0, 0, 52, 0, 32, 0, 3, 0, 40, 0, 12, 0, 11, 0, 3,
		    0, 0, 112, 176, 0, 0, 0, 0, 0, 0, 0, 0, 0, 0, 0, 95, 0, 0,
		    0, 0, 0, 0, 0, 4, 0, 0, 0, 1, 0, 0, 0, 1, 0, 0, 0, 0, 0, 0,
		    0, 0, 0, 1, 0, 0, 0, 1, 0, 172, 0, 0, 0, 172, 0, 0, 0, 5,
		    0, 0, 0, 0, 16, 0, 0, 1, 0, 0, 0, 172, 0, 0, 0, 172, 16, 1,
		    0, 172, 16, 1, 0, 4, 0, 0, 0, 4, 0, 0, 0, 6, 0, 0, 0, 0,
		    16, 0, 0, 147, 2, 64, 6, 19, 3, 128, 12, 99, 194, 98, 0,
		    147, 8, 208, 5, 19, 5, 0, 0, 115, 0, 0, 0, 16, 0, 0, 0, 65,
		    94, 0, 0, 0, 114, 105, 115, 99, 118, 0, 1, 84, 0, 0, 0, 5,
		    114, 118, 51, 50, 105, 50, 112, 49, 95, 109, 50, 112, 48,
		    95, 97, 50, 112, 49, 95, 102, 50, 112, 50, 95, 100, 50,
		    112, 50, 95, 122, 105, 99, 115, 114, 50, 112, 48, 95, 122,
		    105, 102, 101, 110, 99, 101, 105, 50, 112, 48, 95, 122,
		    109, 109, 117, 108, 49, 112, 48, 95, 122, 97, 97, 109, 111,
		    49, 112, 48, 95, 122, 97, 108, 114, 115, 99, 49, 112, 48,
		    0, 0, 28, 0, 0, 0, 2, 0, 0, 0, 0, 0, 4, 0, 0, 0, 0, 0, 148,
		    0, 1, 0, 24, 0, 0, 0, 0, 0, 0, 0, 0, 0, 0, 0, 34, 0, 0, 0,
		    2, 0, 0, 0, 0, 0, 4, 1, 0, 0, 0, 0, 148, 0, 1, 0, 172, 0,
		    1, 0, 0, 0, 0, 0, 17, 0, 0, 0, 50, 0, 0, 0, 1, 128, 1, 17,
		    0, 16, 6, 17, 1, 18, 1, 3, 14, 27, 14, 37, 14, 19, 5, 0, 0,
		    0, 86, 0, 0, 0, 2, 0, 36, 0, 0, 0, 1, 1, 251, 14, 10, 0, 1,
		    1, 1, 1, 0, 0, 0, 1, 115, 114, 99, 0, 0, 109, 117, 108,
		    116, 45, 115, 101, 99, 116, 115, 46, 115, 0, 1, 0, 0, 0, 0,
		    5, 2, 148, 0, 1, 0, 18, 3, 1, 9, 4, 0, 1, 3, 1, 9, 4, 0, 1,
		    3, 6, 9, 4, 0, 1, 3, 1, 9, 4, 0, 1, 3, 1, 9, 4, 0, 1, 9, 4,
		    0, 0, 1, 1, 115, 114, 99, 47, 109, 117, 108, 116, 45, 115,
		    101, 99, 116, 115, 46, 115, 0, 47, 104, 111, 109, 101, 47,
		    99, 97, 114, 108, 111, 115, 47, 114, 101, 112, 111, 115,
		    47, 114, 117, 115, 116, 118, 47, 97, 108, 116, 47, 97, 115,
		    109, 0, 71, 78, 85, 32, 65, 83, 32, 50, 46, 52, 52, 0, 0,
		    0, 0, 0, 0, 0, 0, 0, 0, 0, 0, 0, 0, 0, 0, 0, 0, 0, 0, 0, 0,
		    0, 148, 0, 1, 0, 0, 0, 0, 0, 3, 0, 1, 0, 0, 0, 0, 0, 172,
		    16, 1, 0, 0, 0, 0, 0, 3, 0, 2, 0, 0, 0, 0, 0, 0, 0, 0, 0,
		    0, 0, 0, 0, 3, 0, 3, 0, 0, 0, 0, 0, 0, 0, 0, 0, 0, 0, 0, 0,
		    3, 0, 4, 0, 0, 0, 0, 0, 0, 0, 0, 0, 0, 0, 0, 0, 3, 0, 5, 0,
		    0, 0, 0, 0, 0, 0, 0, 0, 0, 0, 0, 0, 3, 0, 6, 0, 0, 0, 0, 0,
		    0, 0, 0, 0, 0, 0, 0, 0, 3, 0, 7, 0, 0, 0, 0, 0, 0, 0, 0, 0,
		    0, 0, 0, 0, 3, 0, 8, 0, 1, 0, 0, 0, 0, 0, 0, 0, 0, 0, 0, 0,
		    4, 0, 241, 255, 14, 0, 0, 0, 148, 0, 1, 0, 0, 0, 0, 0, 0,
		    0, 1, 0, 94, 0, 0, 0, 160, 0, 1, 0, 0, 0, 0, 0, 0, 0, 1, 0,
		    102, 0, 0, 0, 172, 16, 1, 0, 0, 0, 0, 0, 0, 0, 2, 0, 109,
		    0, 0, 0, 172, 24, 1, 0, 0, 0, 0, 0, 16, 0, 241, 255, 127,
		    0, 0, 0, 176, 16, 1, 0, 0, 0, 0, 0, 16, 0, 2, 0, 160, 0, 0,
		    0, 148, 0, 1, 0, 0, 0, 0, 0, 16, 0, 1, 0, 143, 0, 0, 0,
		    176, 16, 1, 0, 0, 0, 0, 0, 16, 0, 2, 0, 155, 0, 0, 0, 176,
		    16, 1, 0, 0, 0, 0, 0, 16, 0, 2, 0, 167, 0, 0, 0, 172, 16,
		    1, 0, 0, 0, 0, 0, 16, 0, 2, 0, 182, 0, 0, 0, 176, 16, 1, 0,
		    0, 0, 0, 0, 16, 0, 2, 0, 189, 0, 0, 0, 176, 16, 1, 0, 0, 0,
		    0, 0, 16, 0, 2, 0, 0, 109, 117, 108, 116, 45, 115, 101, 99,
		    116, 115, 46, 111, 0, 36, 120, 114, 118, 51, 50, 105, 50,
		    112, 49, 95, 109, 50, 112, 48, 95, 97, 50, 112, 49, 95,
		    102, 50, 112, 50, 95, 100, 50, 112, 50, 95, 122, 105, 99,
		    115, 114, 50, 112, 48, 95, 122, 105, 102, 101, 110, 99,
		    101, 105, 50, 112, 48, 95, 122, 109, 109, 117, 108, 49,
		    112, 48, 95, 122, 97, 97, 109, 111, 49, 112, 48, 95, 122,
		    97, 108, 114, 115, 99, 49, 112, 48, 0, 109, 121, 108, 97,
		    98, 101, 108, 0, 109, 121, 118, 97, 114, 49, 0, 95, 95,
		    103, 108, 111, 98, 97, 108, 95, 112, 111, 105, 110, 116,
		    101, 114, 36, 0, 95, 95, 83, 68, 65, 84, 65, 95, 66, 69,
		    71, 73, 78, 95, 95, 0, 95, 95, 66, 83, 83, 95, 69, 78, 68,
		    95, 95, 0, 95, 95, 98, 115, 115, 95, 115, 116, 97, 114,
		    116, 0, 95, 95, 68, 65, 84, 65, 95, 66, 69, 71, 73, 78, 95,
		    95, 0, 95, 101, 100, 97, 116, 97, 0, 95, 101, 110, 100, 0,
		    0, 46, 115, 121, 109, 116, 97, 98, 0, 46, 115, 116, 114,
		    116, 97, 98, 0, 46, 115, 104, 115, 116, 114, 116, 97, 98,
		    0, 46, 116, 101, 120, 116, 0, 46, 100, 97, 116, 97, 0, 46,
		    114, 105, 115, 99, 118, 46, 97, 116, 116, 114, 105, 98,
		    117, 116, 101, 115, 0, 46, 100, 101, 98, 117, 103, 95, 97,
		    114, 97, 110, 103, 101, 115, 0, 46, 100, 101, 98, 117, 103,
		    95, 105, 110, 102, 111, 0, 46, 100, 101, 98, 117, 103, 95,
		    97, 98, 98, 114, 101, 118, 0, 46, 100, 101, 98, 117, 103,
		    95, 108, 105, 110, 101, 0, 46, 100, 101, 98, 117, 103, 95,
		    115, 116, 114, 0, 0, 0, 0, 0, 0, 0, 0, 0, 0, 0, 0, 0, 0, 0,
		    0, 0, 0, 0, 0, 0, 0, 0, 0, 0, 0, 0, 0, 0, 0, 0, 0, 0, 0, 0,
		    0, 0, 0, 0, 0, 0, 0, 27, 0, 0, 0, 1, 0, 0, 0, 6, 0, 0, 0,
		    148, 0, 1, 0, 148, 0, 0, 0, 24, 0, 0, 0, 0, 0, 0, 0, 0, 0,
		    0, 0, 4, 0, 0, 0, 0, 0, 0, 0, 33, 0, 0, 0, 1, 0, 0, 0, 3,
		    0, 0, 0, 172, 16, 1, 0, 172, 0, 0, 0, 4, 0, 0, 0, 0, 0, 0,
		    0, 0, 0, 0, 0, 1, 0, 0, 0, 0, 0, 0, 0, 39, 0, 0, 0, 3, 0,
		    0, 112, 0, 0, 0, 0, 0, 0, 0, 0, 176, 0, 0, 0, 95, 0, 0, 0,
		    0, 0, 0, 0, 0, 0, 0, 0, 1, 0, 0, 0, 0, 0, 0, 0, 57, 0, 0,
		    0, 1, 0, 0, 0, 0, 0, 0, 0, 0, 0, 0, 0, 16, 1, 0, 0, 32, 0,
		    0, 0, 0, 0, 0, 0, 0, 0, 0, 0, 8, 0, 0, 0, 0, 0, 0, 0, 72,
		    0, 0, 0, 1, 0, 0, 0, 0, 0, 0, 0, 0, 0, 0, 0, 48, 1, 0, 0,
		    38, 0, 0, 0, 0, 0, 0, 0, 0, 0, 0, 0, 1, 0, 0, 0, 0, 0, 0,
		    0, 84, 0, 0, 0, 1, 0, 0, 0, 0, 0, 0, 0, 0, 0, 0, 0, 86, 1,
		    0, 0, 20, 0, 0, 0, 0, 0, 0, 0, 0, 0, 0, 0, 1, 0, 0, 0, 0,
		    0, 0, 0, 98, 0, 0, 0, 1, 0, 0, 0, 0, 0, 0, 0, 0, 0, 0, 0,
		    106, 1, 0, 0, 90, 0, 0, 0, 0, 0, 0, 0, 0, 0, 0, 0, 1, 0, 0,
		    0, 0, 0, 0, 0, 110, 0, 0, 0, 1, 0, 0, 0, 48, 0, 0, 0, 0, 0,
		    0, 0, 196, 1, 0, 0, 62, 0, 0, 0, 0, 0, 0, 0, 0, 0, 0, 0, 1,
		    0, 0, 0, 1, 0, 0, 0, 1, 0, 0, 0, 2, 0, 0, 0, 0, 0, 0, 0, 0,
		    0, 0, 0, 4, 2, 0, 0, 80, 1, 0, 0, 10, 0, 0, 0, 13, 0, 0, 0,
		    4, 0, 0, 0, 16, 0, 0, 0, 9, 0, 0, 0, 3, 0, 0, 0, 0, 0, 0,
		    0, 0, 0, 0, 0, 84, 3, 0, 0, 194, 0, 0, 0, 0, 0, 0, 0, 0, 0,
		    0, 0, 1, 0, 0, 0, 0, 0, 0, 0, 17, 0, 0, 0, 3, 0, 0, 0, 0,
		    0, 0, 0, 0, 0, 0, 0, 22, 4, 0, 0, 121, 0, 0, 0, 0, 0, 0, 0,
		    0, 0, 0, 0, 1, 0, 0, 0, 0, 0, 0, 0,
                ],
            ),
            start: 852,
            end: 1046,
            marker: PhantomData<&()>,
        },
        shndx: [],
    },
    dynamic_symbols: SymbolTable {
        section: SectionIndex(
            0,
        ),
        string_section: SectionIndex(
            0,
        ),
        shndx_section: SectionIndex(
            0,
        ),
        symbols: [],
        strings: StringTable {
            data: None,
            start: 0,
            end: 0,
            marker: PhantomData<&()>,
        },
        shndx: [],
    },
}
